{"numFailedTestSuites":0,"numFailedTests":0,"numPassedTestSuites":11,"numPassedTests":75,"numPendingTestSuites":0,"numPendingTests":0,"numRuntimeErrorTestSuites":0,"numTodoTests":13,"numTotalTestSuites":11,"numTotalTests":88,"openHandles":[],"snapshot":{"added":0,"didUpdate":false,"failure":false,"filesAdded":0,"filesRemoved":0,"filesRemovedList":[],"filesUnmatched":0,"filesUpdated":0,"matched":0,"total":0,"unchecked":0,"uncheckedKeysByFile":[],"unmatched":0,"updated":0},"startTime":1779899872980,"success":true,"testResults":[{"assertionResults":[{"ancestorTitles":["AuthContext PIN flows — PLAN 010"],"duration":424,"failureDetails":[],"failureMessages":[],"fullName":"AuthContext PIN flows — PLAN 010 setPin genera hash, salt e master key cifrata nello stesso passaggio","invocations":1,"location":null,"numPassingAsserts":5,"retryReasons":[],"status":"passed","title":"setPin genera hash, salt e master key cifrata nello stesso passaggio"},{"ancestorTitles":["AuthContext PIN flows — PLAN 010"],"duration":1110,"failureDetails":[],"failureMessages":[],"fullName":"AuthContext PIN flows — PLAN 010 changePin ricifra solo la master key esistente","invocations":1,"location":null,"numPassingAsserts":5,"retryReasons":[],"status":"passed","title":"changePin ricifra solo la master key esistente"},{"ancestorTitles":["AuthContext PIN flows — PLAN 010"],"duration":819,"failureDetails":[],"failureMessages":[],"fullName":"AuthContext PIN flows — PLAN 010 removePin azzera i tre campi e forza il logout globale","invocations":1,"location":null,"numPassingAsserts":2,"retryReasons":[],"status":"passed","title":"removePin azzera i tre campi e forza il logout globale"}],"endTime":1779899875960,"message":"","name":"C:\\Sviluppo\\ZecchinoReact\\__tests__\\AuthContext.pin.test.tsx","startTime":1779899873169,"status":"passed","summary":""},{"assertionResults":[{"ancestorTitles":["hashPin / verifyPin (bcryptjs) — invarianti PLAN 005"],"duration":878,"failureDetails":[],"failureMessages":[],"fullName":"hashPin / verifyPin (bcryptjs) — invarianti PLAN 005 hash + verify dello stesso PIN restituisce true","invocations":1,"location":null,"numPassingAsserts":3,"retryReasons":[],"status":"passed","title":"hash + verify dello stesso PIN restituisce true"},{"ancestorTitles":["hashPin / verifyPin (bcryptjs) — invarianti PLAN 005"],"duration":878,"failureDetails":[],"failureMessages":[],"fullName":"hashPin / verifyPin (bcryptjs) — invarianti PLAN 005 verifyPin con PIN diverso restituisce false","invocations":1,"location":null,"numPassingAsserts":1,"retryReasons":[],"status":"passed","title":"verifyPin con PIN diverso restituisce false"}],"endTime":1779899877862,"message":"","name":"C:\\Sviluppo\\ZecchinoReact\\__tests__\\crypto\\pin.test.ts","startTime":1779899875989,"status":"passed","summary":""},{"assertionResults":[{"ancestorTitles":["wrapped master key payload"],"duration":202,"failureDetails":[],"failureMessages":[],"fullName":"wrapped master key payload serializzazione/deserializzazione payload versionato","invocations":1,"location":null,"numPassingAsserts":1,"retryReasons":[],"status":"passed","title":"serializzazione/deserializzazione payload versionato"},{"ancestorTitles":["wrapped master key payload"],"duration":16,"failureDetails":[],"failureMessages":[],"fullName":"wrapped master key payload caso pre-PIN con payload null","invocations":1,"location":null,"numPassingAsserts":3,"retryReasons":[],"status":"passed","title":"caso pre-PIN con payload null"},{"ancestorTitles":["wrapped master key payload"],"duration":2,"failureDetails":[],"failureMessages":[],"fullName":"wrapped master key payload payload malformato produce errore di business gestito","invocations":1,"location":null,"numPassingAsserts":3,"retryReasons":[],"status":"passed","title":"payload malformato produce errore di business gestito"},{"ancestorTitles":["wrapped master key payload"],"duration":353,"failureDetails":[],"failureMessages":[],"fullName":"wrapped master key payload round-trip wrap/unwrap conserva la master key","invocations":1,"location":null,"numPassingAsserts":1,"retryReasons":[],"status":"passed","title":"round-trip wrap/unwrap conserva la master key"},{"ancestorTitles":["wrapped master key payload"],"duration":701,"failureDetails":[],"failureMessages":[],"fullName":"wrapped master key payload rewrap cambia il materiale cifrato ma non la master key","invocations":1,"location":null,"numPassingAsserts":2,"retryReasons":[],"status":"passed","title":"rewrap cambia il materiale cifrato ma non la master key"},{"ancestorTitles":["wrapped master key payload"],"duration":2,"failureDetails":[],"failureMessages":[],"fullName":"wrapped master key payload decodeBase64 mantiene compatibilita con encodeBase64","invocations":1,"location":null,"numPassingAsserts":1,"retryReasons":[],"status":"passed","title":"decodeBase64 mantiene compatibilita con encodeBase64"}],"endTime":1779899879255,"message":"","name":"C:\\Sviluppo\\ZecchinoReact\\__tests__\\crypto\\wrapped-master-key.test.ts","startTime":1779899877866,"status":"passed","summary":""},{"assertionResults":[{"ancestorTitles":["KDF vectors — crypto.ts (PLAN 006)"],"duration":359,"failureDetails":[],"failureMessages":[],"fullName":"KDF vectors — crypto.ts (PLAN 006) K1 — stessa coppia PIN/salt produce sempre la stessa chiave hardcoded","invocations":1,"location":null,"numPassingAsserts":3,"retryReasons":[],"status":"passed","title":"K1 — stessa coppia PIN/salt produce sempre la stessa chiave hardcoded"},{"ancestorTitles":["KDF vectors — crypto.ts (PLAN 006)"],"duration":358,"failureDetails":[],"failureMessages":[],"fullName":"KDF vectors — crypto.ts (PLAN 006) K2 — stesso PIN con salt diversi produce chiavi diverse e hardcoded","invocations":1,"location":null,"numPassingAsserts":3,"retryReasons":[],"status":"passed","title":"K2 — stesso PIN con salt diversi produce chiavi diverse e hardcoded"},{"ancestorTitles":["KDF vectors — crypto.ts (PLAN 006)"],"duration":356,"failureDetails":[],"failureMessages":[],"fullName":"KDF vectors — crypto.ts (PLAN 006) K3 — pipeline completa KDF + AES-GCM con layout payload versionato","invocations":1,"location":null,"numPassingAsserts":6,"retryReasons":[],"status":"passed","title":"K3 — pipeline completa KDF + AES-GCM con layout payload versionato"}],"endTime":1779899880445,"message":"","name":"C:\\Sviluppo\\ZecchinoReact\\__tests__\\crypto\\kdf.test.ts","startTime":1779899879260,"status":"passed","summary":""},{"assertionResults":[{"ancestorTitles":[],"duration":47,"failureDetails":[],"failureMessages":[],"fullName":"renders correctly","invocations":1,"location":null,"numPassingAsserts":0,"retryReasons":[],"status":"passed","title":"renders correctly"}],"endTime":1779899881140,"message":"","name":"C:\\Sviluppo\\ZecchinoReact\\__tests__\\App.test.tsx","startTime":1779899880452,"status":"passed","summary":""},{"assertionResults":[{"ancestorTitles":["AppDataContext — PLAN 007","Bug N9 — readCachedDomainSnapshotPure (INV1, INV2)"],"duration":2,"failureDetails":[],"failureMessages":[],"fullName":"AppDataContext — PLAN 007 Bug N9 — readCachedDomainSnapshotPure (INV1, INV2) await su tutte e 5 le readCache (Promise.all)","invocations":1,"location":null,"numPassingAsserts":6,"retryReasons":[],"status":"passed","title":"await su tutte e 5 le readCache (Promise.all)"},{"ancestorTitles":["AppDataContext — PLAN 007","Bug N9 — readCachedDomainSnapshotPure (INV1, INV2)"],"duration":3,"failureDetails":[],"failureMessages":[],"fullName":"AppDataContext — PLAN 007 Bug N9 — readCachedDomainSnapshotPure (INV1, INV2) Caso A — cache valida con 5 array vuoti → snapshot con array vuoti (INV5 vuoto legittimo)","invocations":1,"location":null,"numPassingAsserts":7,"retryReasons":[],"status":"passed","title":"Caso A — cache valida con 5 array vuoti → snapshot con array vuoti (INV5 vuoto legittimo)"},{"ancestorTitles":["AppDataContext — PLAN 007","Bug N9 — readCachedDomainSnapshotPure (INV1, INV2)"],"duration":0,"failureDetails":[],"failureMessages":[],"fullName":"AppDataContext — PLAN 007 Bug N9 — readCachedDomainSnapshotPure (INV1, INV2) Caso B — cache miss su una sola tabella → null (no falso positivo)","invocations":1,"location":null,"numPassingAsserts":1,"retryReasons":[],"status":"passed","title":"Caso B — cache miss su una sola tabella → null (no falso positivo)"},{"ancestorTitles":["AppDataContext — PLAN 007","Bug N9 — readCachedDomainSnapshotPure (INV1, INV2)"],"duration":0,"failureDetails":[],"failureMessages":[],"fullName":"AppDataContext — PLAN 007 Bug N9 — readCachedDomainSnapshotPure (INV1, INV2) Bug N9 originale — payload Promise non risolta → null (guard struttura)","invocations":1,"location":null,"numPassingAsserts":1,"retryReasons":[],"status":"passed","title":"Bug N9 originale — payload Promise non risolta → null (guard struttura)"},{"ancestorTitles":["AppDataContext — PLAN 007","Bug N9 — readCachedDomainSnapshotPure (INV1, INV2)"],"duration":0,"failureDetails":[],"failureMessages":[],"fullName":"AppDataContext — PLAN 007 Bug N9 — readCachedDomainSnapshotPure (INV1, INV2) payload non-array (es. oggetto) → null","invocations":1,"location":null,"numPassingAsserts":1,"retryReasons":[],"status":"passed","title":"payload non-array (es. oggetto) → null"},{"ancestorTitles":["AppDataContext — PLAN 007","Bug N9 — readCachedDomainSnapshotPure (INV1, INV2)"],"duration":0,"failureDetails":[],"failureMessages":[],"fullName":"AppDataContext — PLAN 007 Bug N9 — readCachedDomainSnapshotPure (INV1, INV2) isStale propagato se ALMENO una tabella è scaduta","invocations":1,"location":null,"numPassingAsserts":1,"retryReasons":[],"status":"passed","title":"isStale propagato se ALMENO una tabella è scaduta"},{"ancestorTitles":["AppDataContext — PLAN 007","Bug N9 — readCachedDomainSnapshotPure (INV1, INV2)"],"duration":0,"failureDetails":[],"failureMessages":[],"fullName":"AppDataContext — PLAN 007 Bug N9 — readCachedDomainSnapshotPure (INV1, INV2) isStale false se TUTTE le tabelle sono fresche","invocations":1,"location":null,"numPassingAsserts":1,"retryReasons":[],"status":"passed","title":"isStale false se TUTTE le tabelle sono fresche"},{"ancestorTitles":["AppDataContext — PLAN 007","State machine bootstrap (richiede harness Provider)"],"duration":6,"failureDetails":[],"failureMessages":[],"fullName":"AppDataContext — PLAN 007 State machine bootstrap (richiede harness Provider) IDLE → HYDRATING al primo render con utente autenticato","invocations":1,"location":null,"numPassingAsserts":2,"retryReasons":[],"status":"passed","title":"IDLE → HYDRATING al primo render con utente autenticato"},{"ancestorTitles":["AppDataContext — PLAN 007","State machine bootstrap (richiede harness Provider)"],"duration":null,"failureDetails":[],"failureMessages":[],"fullName":"AppDataContext — PLAN 007 State machine bootstrap (richiede harness Provider) HYDRATING → CACHE-READY con cache presente e validata","invocations":1,"location":null,"numPassingAsserts":0,"retryReasons":[],"status":"todo","title":"HYDRATING → CACHE-READY con cache presente e validata"},{"ancestorTitles":["AppDataContext — PLAN 007","State machine bootstrap (richiede harness Provider)"],"duration":2,"failureDetails":[],"failureMessages":[],"fullName":"AppDataContext — PLAN 007 State machine bootstrap (richiede harness Provider) HYDRATING → READY con rete OK e dati caricati","invocations":1,"location":null,"numPassingAsserts":3,"retryReasons":[],"status":"passed","title":"HYDRATING → READY con rete OK e dati caricati"},{"ancestorTitles":["AppDataContext — PLAN 007","State machine bootstrap (richiede harness Provider)"],"duration":23,"failureDetails":[],"failureMessages":[],"fullName":"AppDataContext — PLAN 007 State machine bootstrap (richiede harness Provider) HYDRATING → ERROR con rete offline confermata e senza timer bootstrap","invocations":1,"location":null,"numPassingAsserts":4,"retryReasons":[],"status":"passed","title":"HYDRATING → ERROR con rete offline confermata e senza timer bootstrap"},{"ancestorTitles":["AppDataContext — PLAN 007","State machine bootstrap (richiede harness Provider)"],"duration":null,"failureDetails":[],"failureMessages":[],"fullName":"AppDataContext — PLAN 007 State machine bootstrap (richiede harness Provider) CACHE-READY → REMOTE-SYNC al completamento refresh background","invocations":1,"location":null,"numPassingAsserts":0,"retryReasons":[],"status":"todo","title":"CACHE-READY → REMOTE-SYNC al completamento refresh background"},{"ancestorTitles":["AppDataContext — PLAN 007","State machine bootstrap (richiede harness Provider)"],"duration":null,"failureDetails":[],"failureMessages":[],"fullName":"AppDataContext — PLAN 007 State machine bootstrap (richiede harness Provider) REMOTE-SYNC → READY come stato di quiete","invocations":1,"location":null,"numPassingAsserts":0,"retryReasons":[],"status":"todo","title":"REMOTE-SYNC → READY come stato di quiete"},{"ancestorTitles":["AppDataContext — PLAN 007","State machine bootstrap (richiede harness Provider)"],"duration":null,"failureDetails":[],"failureMessages":[],"fullName":"AppDataContext — PLAN 007 State machine bootstrap (richiede harness Provider) IDLE → READY diretto vietato (deve attraversare HYDRATING)","invocations":1,"location":null,"numPassingAsserts":0,"retryReasons":[],"status":"todo","title":"IDLE → READY diretto vietato (deve attraversare HYDRATING)"},{"ancestorTitles":["AppDataContext — PLAN 007","State machine bootstrap (richiede harness Provider)"],"duration":null,"failureDetails":[],"failureMessages":[],"fullName":"AppDataContext — PLAN 007 State machine bootstrap (richiede harness Provider) * → IDLE al logout da qualsiasi stato autenticato","invocations":1,"location":null,"numPassingAsserts":0,"retryReasons":[],"status":"todo","title":"* → IDLE al logout da qualsiasi stato autenticato"},{"ancestorTitles":["AppDataContext — PLAN 007","PLAN 011 — bootstrap resiliente"],"duration":5,"failureDetails":[],"failureMessages":[],"fullName":"AppDataContext — PLAN 007 PLAN 011 — bootstrap resiliente Caso 2: online confermato usa timeout nominato di 10 secondi","invocations":1,"location":null,"numPassingAsserts":3,"retryReasons":[],"status":"passed","title":"Caso 2: online confermato usa timeout nominato di 10 secondi"},{"ancestorTitles":["AppDataContext — PLAN 007","PLAN 011 — bootstrap resiliente"],"duration":3,"failureDetails":[],"failureMessages":[],"fullName":"AppDataContext — PLAN 007 PLAN 011 — bootstrap resiliente Caso 3: NetInfo non inizializzato attiva il fail-safe dopo 3 secondi","invocations":1,"location":null,"numPassingAsserts":3,"retryReasons":[],"status":"passed","title":"Caso 3: NetInfo non inizializzato attiva il fail-safe dopo 3 secondi"},{"ancestorTitles":["AppDataContext — PLAN 007","PLAN 011 — bootstrap resiliente"],"duration":3,"failureDetails":[],"failureMessages":[],"fullName":"AppDataContext — PLAN 007 PLAN 011 — bootstrap resiliente Decisione 7-bis: risposta tardiva di NetInfo non avvia una seconda hydration","invocations":1,"location":null,"numPassingAsserts":3,"retryReasons":[],"status":"passed","title":"Decisione 7-bis: risposta tardiva di NetInfo non avvia una seconda hydration"},{"ancestorTitles":["AppDataContext — PLAN 007","PLAN 011 — bootstrap resiliente"],"duration":3,"failureDetails":[],"failureMessages":[],"fullName":"AppDataContext — PLAN 007 PLAN 011 — bootstrap resiliente ERROR_NETWORK ed ERROR_DATA restano interni e la UI riceve solo messaggi localizzati","invocations":1,"location":null,"numPassingAsserts":4,"retryReasons":[],"status":"passed","title":"ERROR_NETWORK ed ERROR_DATA restano interni e la UI riceve solo messaggi localizzati"},{"ancestorTitles":["AppDataContext — PLAN 007","PLAN 011 — bootstrap resiliente"],"duration":1,"failureDetails":[],"failureMessages":[],"fullName":"AppDataContext — PLAN 007 PLAN 011 — bootstrap resiliente senza autenticazione i dati non vengono caricati anche con rete disponibile","invocations":1,"location":null,"numPassingAsserts":2,"retryReasons":[],"status":"passed","title":"senza autenticazione i dati non vengono caricati anche con rete disponibile"},{"ancestorTitles":["AppDataContext — PLAN 007","Concorrenza refreshAll — INV3 (richiede harness Provider)"],"duration":null,"failureDetails":[],"failureMessages":[],"fullName":"AppDataContext — PLAN 007 Concorrenza refreshAll — INV3 (richiede harness Provider) invocazioni concorrenti refreshAll: nessuna doppia applyDomainSnapshot","invocations":1,"location":null,"numPassingAsserts":0,"retryReasons":[],"status":"todo","title":"invocazioni concorrenti refreshAll: nessuna doppia applyDomainSnapshot"},{"ancestorTitles":["AppDataContext — PLAN 007","Concorrenza refreshAll — INV3 (richiede harness Provider)"],"duration":null,"failureDetails":[],"failureMessages":[],"fullName":"AppDataContext — PLAN 007 Concorrenza refreshAll — INV3 (richiede harness Provider) hydration A pre-B ma termina dopo: B vince (generation counter)","invocations":1,"location":null,"numPassingAsserts":0,"retryReasons":[],"status":"todo","title":"hydration A pre-B ma termina dopo: B vince (generation counter)"},{"ancestorTitles":["AppDataContext — PLAN 007","Concorrenza refreshAll — INV3 (richiede harness Provider)"],"duration":null,"failureDetails":[],"failureMessages":[],"fullName":"AppDataContext — PLAN 007 Concorrenza refreshAll — INV3 (richiede harness Provider) React 18 Strict Mode double invoke: nessuna doppia transizione READY","invocations":1,"location":null,"numPassingAsserts":0,"retryReasons":[],"status":"todo","title":"React 18 Strict Mode double invoke: nessuna doppia transizione READY"},{"ancestorTitles":["AppDataContext — PLAN 007","Concorrenza refreshAll — INV3 (richiede harness Provider)"],"duration":null,"failureDetails":[],"failureMessages":[],"fullName":"AppDataContext — PLAN 007 Concorrenza refreshAll — INV3 (richiede harness Provider) hydration invalidata al logout (transizione * → IDLE)","invocations":1,"location":null,"numPassingAsserts":0,"retryReasons":[],"status":"todo","title":"hydration invalidata al logout (transizione * → IDLE)"},{"ancestorTitles":["AppDataContext — PLAN 007","writeCache fail-soft — INV4 (richiede harness Provider)"],"duration":null,"failureDetails":[],"failureMessages":[],"fullName":"AppDataContext — PLAN 007 writeCache fail-soft — INV4 (richiede harness Provider) errore AsyncStorage.setItem su una tabella: no crash","invocations":1,"location":null,"numPassingAsserts":0,"retryReasons":[],"status":"todo","title":"errore AsyncStorage.setItem su una tabella: no crash"},{"ancestorTitles":["AppDataContext — PLAN 007","writeCache fail-soft — INV4 (richiede harness Provider)"],"duration":null,"failureDetails":[],"failureMessages":[],"fullName":"AppDataContext — PLAN 007 writeCache fail-soft — INV4 (richiede harness Provider) errore writeCache: no unhandled promise rejection","invocations":1,"location":null,"numPassingAsserts":0,"retryReasons":[],"status":"todo","title":"errore writeCache: no unhandled promise rejection"},{"ancestorTitles":["AppDataContext — PLAN 007","writeCache fail-soft — INV4 (richiede harness Provider)"],"duration":null,"failureDetails":[],"failureMessages":[],"fullName":"AppDataContext — PLAN 007 writeCache fail-soft — INV4 (richiede harness Provider) errore writeCache: no alterazione stato React in memoria","invocations":1,"location":null,"numPassingAsserts":0,"retryReasons":[],"status":"todo","title":"errore writeCache: no alterazione stato React in memoria"},{"ancestorTitles":["AppDataContext — PLAN 007","writeCache fail-soft — INV4 (richiede harness Provider)"],"duration":null,"failureDetails":[],"failureMessages":[],"fullName":"AppDataContext — PLAN 007 writeCache fail-soft — INV4 (richiede harness Provider) errore su una tabella: altre tabelle vengono comunque scritte","invocations":1,"location":null,"numPassingAsserts":0,"retryReasons":[],"status":"todo","title":"errore su una tabella: altre tabelle vengono comunque scritte"},{"ancestorTitles":["AppDataContext — PLAN 007","PLAN 009 — handleExportCSV async branching"],"duration":2,"failureDetails":[],"failureMessages":[],"fullName":"AppDataContext — PLAN 007 PLAN 009 — handleExportCSV async branching handleExportCSV ritorna Promise<void>","invocations":1,"location":null,"numPassingAsserts":2,"retryReasons":[],"status":"passed","title":"handleExportCSV ritorna Promise<void>"},{"ancestorTitles":["AppDataContext — PLAN 007","PLAN 009 — handleExportCSV async branching"],"duration":2,"failureDetails":[],"failureMessages":[],"fullName":"AppDataContext — PLAN 007 PLAN 009 — handleExportCSV async branching success branch: sound, haptic, toast success e exportFile invocati","invocations":1,"location":null,"numPassingAsserts":5,"retryReasons":[],"status":"passed","title":"success branch: sound, haptic, toast success e exportFile invocati"},{"ancestorTitles":["AppDataContext — PLAN 007","PLAN 009 — handleExportCSV async branching"],"duration":2,"failureDetails":[],"failureMessages":[],"fullName":"AppDataContext — PLAN 007 PLAN 009 — handleExportCSV async branching cancelled branch: nessun toast di errore e nessun announce errore","invocations":1,"location":null,"numPassingAsserts":2,"retryReasons":[],"status":"passed","title":"cancelled branch: nessun toast di errore e nessun announce errore"},{"ancestorTitles":["AppDataContext — PLAN 007","PLAN 009 — handleExportCSV async branching"],"duration":2,"failureDetails":[],"failureMessages":[],"fullName":"AppDataContext — PLAN 007 PLAN 009 — handleExportCSV async branching PERMISSION_DENIED -> toast error e announce exportError","invocations":1,"location":null,"numPassingAsserts":2,"retryReasons":[],"status":"passed","title":"PERMISSION_DENIED -> toast error e announce exportError"},{"ancestorTitles":["AppDataContext — PLAN 007","PLAN 009 — handleExportCSV async branching"],"duration":2,"failureDetails":[],"failureMessages":[],"fullName":"AppDataContext — PLAN 007 PLAN 009 — handleExportCSV async branching ALREADY_IN_PROGRESS -> toast error localizzato e announce exportError","invocations":1,"location":null,"numPassingAsserts":2,"retryReasons":[],"status":"passed","title":"ALREADY_IN_PROGRESS -> toast error localizzato e announce exportError"},{"ancestorTitles":["AppDataContext — PLAN 007","PLAN 009 — handleExportCSV async branching"],"duration":1,"failureDetails":[],"failureMessages":[],"fullName":"AppDataContext — PLAN 007 PLAN 009 — handleExportCSV async branching FILESYSTEM_ERROR -> toast error e announce exportError","invocations":1,"location":null,"numPassingAsserts":2,"retryReasons":[],"status":"passed","title":"FILESYSTEM_ERROR -> toast error e announce exportError"},{"ancestorTitles":["AppDataContext — PLAN 007","PLAN 009 — handleExportCSV async branching"],"duration":2,"failureDetails":[],"failureMessages":[],"fullName":"AppDataContext — PLAN 007 PLAN 009 — handleExportCSV async branching UNSUPPORTED_PLATFORM -> toast error e announce exportError","invocations":1,"location":null,"numPassingAsserts":2,"retryReasons":[],"status":"passed","title":"UNSUPPORTED_PLATFORM -> toast error e announce exportError"},{"ancestorTitles":["AppDataContext — PLAN 007","PLAN 009 — handleExportCSV async branching"],"duration":2,"failureDetails":[],"failureMessages":[],"fullName":"AppDataContext — PLAN 007 PLAN 009 — handleExportCSV async branching INVALID_PATH -> toast error e announce exportError","invocations":1,"location":null,"numPassingAsserts":2,"retryReasons":[],"status":"passed","title":"INVALID_PATH -> toast error e announce exportError"},{"ancestorTitles":["AppDataContext — PLAN 007","PLAN 009 — handleExportCSV async branching"],"duration":1,"failureDetails":[],"failureMessages":[],"fullName":"AppDataContext — PLAN 007 PLAN 009 — handleExportCSV async branching INSUFFICIENT_SPACE -> toast error e announce exportError","invocations":1,"location":null,"numPassingAsserts":2,"retryReasons":[],"status":"passed","title":"INSUFFICIENT_SPACE -> toast error e announce exportError"},{"ancestorTitles":["AppDataContext — PLAN 007","PLAN 009 — handleExportCSV async branching"],"duration":2,"failureDetails":[],"failureMessages":[],"fullName":"AppDataContext — PLAN 007 PLAN 009 — handleExportCSV async branching UNKNOWN -> toast error e announce exportError generico","invocations":1,"location":null,"numPassingAsserts":2,"retryReasons":[],"status":"passed","title":"UNKNOWN -> toast error e announce exportError generico"},{"ancestorTitles":["AppDataContext — PLAN 007","PLAN 009 — handleExportCSV async branching"],"duration":2,"failureDetails":[],"failureMessages":[],"fullName":"AppDataContext — PLAN 007 PLAN 009 — handleExportCSV async branching success branch: announceExportFile riceve visibleTransactions.length","invocations":1,"location":null,"numPassingAsserts":2,"retryReasons":[],"status":"passed","title":"success branch: announceExportFile riceve visibleTransactions.length"},{"ancestorTitles":["AppDataContext — PLAN 007","PLAN 009 — handleExportCSV async branching"],"duration":2,"failureDetails":[],"failureMessages":[],"fullName":"AppDataContext — PLAN 007 PLAN 009 — handleExportCSV async branching error branches: exportError viene invocato per tutti i 7 reason di errore","invocations":1,"location":null,"numPassingAsserts":1,"retryReasons":[],"status":"passed","title":"error branches: exportError viene invocato per tutti i 7 reason di errore"},{"ancestorTitles":["AppDataContext — PLAN 007","PLAN 009 — handleExportCSV async branching"],"duration":2,"failureDetails":[],"failureMessages":[],"fullName":"AppDataContext — PLAN 007 PLAN 009 — handleExportCSV async branching assenza chiamate dirette screenReader: announceSuccess e announceError non vengono invocati","invocations":1,"location":null,"numPassingAsserts":2,"retryReasons":[],"status":"passed","title":"assenza chiamate dirette screenReader: announceSuccess e announceError non vengono invocati"}],"endTime":1779899881412,"message":"","name":"C:\\Sviluppo\\ZecchinoReact\\__tests__\\AppDataContext.spec.ts","startTime":1779899881183,"status":"passed","summary":""},{"assertionResults":[{"ancestorTitles":["ExportService — PLAN 012"],"duration":17,"failureDetails":[],"failureMessages":[],"fullName":"ExportService — PLAN 012 1. Successo: export completato con esito { success: true }","invocations":1,"location":null,"numPassingAsserts":1,"retryReasons":[],"status":"passed","title":"1. Successo: export completato con esito { success: true }"},{"ancestorTitles":["ExportService — PLAN 012"],"duration":3,"failureDetails":[],"failureMessages":[],"fullName":"ExportService — PLAN 012 2. CANCELLED: cancellazione utente mappata correttamente","invocations":1,"location":null,"numPassingAsserts":1,"retryReasons":[],"status":"passed","title":"2. CANCELLED: cancellazione utente mappata correttamente"},{"ancestorTitles":["ExportService — PLAN 012"],"duration":3,"failureDetails":[],"failureMessages":[],"fullName":"ExportService — PLAN 012 3. PERMISSION_DENIED: errore permessi mappato correttamente","invocations":1,"location":null,"numPassingAsserts":1,"retryReasons":[],"status":"passed","title":"3. PERMISSION_DENIED: errore permessi mappato correttamente"},{"ancestorTitles":["ExportService — PLAN 012"],"duration":3,"failureDetails":[],"failureMessages":[],"fullName":"ExportService — PLAN 012 4. FILESYSTEM_ERROR: errore di scrittura generico mappato correttamente","invocations":1,"location":null,"numPassingAsserts":1,"retryReasons":[],"status":"passed","title":"4. FILESYSTEM_ERROR: errore di scrittura generico mappato correttamente"},{"ancestorTitles":["ExportService — PLAN 012"],"duration":3,"failureDetails":[],"failureMessages":[],"fullName":"ExportService — PLAN 012 5. UNSUPPORTED_PLATFORM: piattaforma non supportata mappata correttamente","invocations":1,"location":null,"numPassingAsserts":1,"retryReasons":[],"status":"passed","title":"5. UNSUPPORTED_PLATFORM: piattaforma non supportata mappata correttamente"},{"ancestorTitles":["ExportService — PLAN 012"],"duration":3,"failureDetails":[],"failureMessages":[],"fullName":"ExportService — PLAN 012 6. INVALID_PATH: percorso non valido mappato correttamente","invocations":1,"location":null,"numPassingAsserts":1,"retryReasons":[],"status":"passed","title":"6. INVALID_PATH: percorso non valido mappato correttamente"},{"ancestorTitles":["ExportService — PLAN 012"],"duration":2,"failureDetails":[],"failureMessages":[],"fullName":"ExportService — PLAN 012 7. INSUFFICIENT_SPACE: spazio insufficiente mappato correttamente","invocations":1,"location":null,"numPassingAsserts":1,"retryReasons":[],"status":"passed","title":"7. INSUFFICIENT_SPACE: spazio insufficiente mappato correttamente"},{"ancestorTitles":["ExportService — PLAN 012"],"duration":4,"failureDetails":[],"failureMessages":[],"fullName":"ExportService — PLAN 012 8. UNKNOWN: errore sconosciuto mappato correttamente","invocations":1,"location":null,"numPassingAsserts":1,"retryReasons":[],"status":"passed","title":"8. UNKNOWN: errore sconosciuto mappato correttamente"},{"ancestorTitles":["ExportService — PLAN 012"],"duration":2,"failureDetails":[],"failureMessages":[],"fullName":"ExportService — PLAN 012 9. ALREADY_IN_PROGRESS: seconda invocazione immediata respinta","invocations":1,"location":null,"numPassingAsserts":2,"retryReasons":[],"status":"passed","title":"9. ALREADY_IN_PROGRESS: seconda invocazione immediata respinta"},{"ancestorTitles":["ExportService — PLAN 012"],"duration":3,"failureDetails":[],"failureMessages":[],"fullName":"ExportService — PLAN 012 10. Test concorrente: solo la prima chiamata procede","invocations":1,"location":null,"numPassingAsserts":3,"retryReasons":[],"status":"passed","title":"10. Test concorrente: solo la prima chiamata procede"},{"ancestorTitles":["ExportService — PLAN 012"],"duration":3,"failureDetails":[],"failureMessages":[],"fullName":"ExportService — PLAN 012 11. Cleanup finally: il flag viene rilasciato dopo un fallimento","invocations":1,"location":null,"numPassingAsserts":2,"retryReasons":[],"status":"passed","title":"11. Cleanup finally: il flag viene rilasciato dopo un fallimento"},{"ancestorTitles":["ExportService — PLAN 012"],"duration":3,"failureDetails":[],"failureMessages":[],"fullName":"ExportService — PLAN 012 12. Errore non Error: throw arbitrario non lascia il flag bloccato","invocations":1,"location":null,"numPassingAsserts":2,"retryReasons":[],"status":"passed","title":"12. Errore non Error: throw arbitrario non lascia il flag bloccato"},{"ancestorTitles":["ExportService — PLAN 012"],"duration":2,"failureDetails":[],"failureMessages":[],"fullName":"ExportService — PLAN 012 13. Reset flag completo: export A termina, B viene respinto, export C parte normalmente","invocations":1,"location":null,"numPassingAsserts":4,"retryReasons":[],"status":"passed","title":"13. Reset flag completo: export A termina, B viene respinto, export C parte normalmente"}],"endTime":1779899881593,"message":"","name":"C:\\Sviluppo\\ZecchinoReact\\__tests__\\ExportService.test.ts","startTime":1779899881448,"status":"passed","summary":""},{"assertionResults":[{"ancestorTitles":["encrypt/decrypt — crypto.ts (PLAN 005)"],"duration":3,"failureDetails":[],"failureMessages":[],"fullName":"encrypt/decrypt — crypto.ts (PLAN 005) R1 — round-trip plaintext → ciphertext → plaintext","invocations":1,"location":null,"numPassingAsserts":2,"retryReasons":[],"status":"passed","title":"R1 — round-trip plaintext → ciphertext → plaintext"},{"ancestorTitles":["encrypt/decrypt — crypto.ts (PLAN 005)"],"duration":14,"failureDetails":[],"failureMessages":[],"fullName":"encrypt/decrypt — crypto.ts (PLAN 005) E1 — chiave errata in decifratura genera errore","invocations":1,"location":null,"numPassingAsserts":1,"retryReasons":[],"status":"passed","title":"E1 — chiave errata in decifratura genera errore"},{"ancestorTitles":["encrypt/decrypt — crypto.ts (PLAN 005)"],"duration":1,"failureDetails":[],"failureMessages":[],"fullName":"encrypt/decrypt — crypto.ts (PLAN 005) E2 — byte manomesso nel ciphertext genera errore","invocations":1,"location":null,"numPassingAsserts":1,"retryReasons":[],"status":"passed","title":"E2 — byte manomesso nel ciphertext genera errore"},{"ancestorTitles":["encrypt/decrypt — crypto.ts (PLAN 005)"],"duration":4,"failureDetails":[],"failureMessages":[],"fullName":"encrypt/decrypt — crypto.ts (PLAN 005) E3 — payload troncato sotto la soglia minima genera errore","invocations":1,"location":null,"numPassingAsserts":1,"retryReasons":[],"status":"passed","title":"E3 — payload troncato sotto la soglia minima genera errore"},{"ancestorTitles":["encrypt/decrypt — crypto.ts (PLAN 005)"],"duration":1,"failureDetails":[],"failureMessages":[],"fullName":"encrypt/decrypt — crypto.ts (PLAN 005) A1 — encryptData restituisce una Promise (API contract preservata)","invocations":1,"location":null,"numPassingAsserts":2,"retryReasons":[],"status":"passed","title":"A1 — encryptData restituisce una Promise (API contract preservata)"},{"ancestorTitles":["encrypt/decrypt — crypto.ts (PLAN 005)"],"duration":1,"failureDetails":[],"failureMessages":[],"fullName":"encrypt/decrypt — crypto.ts (PLAN 005) S1 — due cifrature dello stesso input producono Base64 diversi","invocations":1,"location":null,"numPassingAsserts":3,"retryReasons":[],"status":"passed","title":"S1 — due cifrature dello stesso input producono Base64 diversi"}],"endTime":1779899881726,"message":"","name":"C:\\Sviluppo\\ZecchinoReact\\__tests__\\crypto\\encrypt-decrypt.test.ts","startTime":1779899881603,"status":"passed","summary":""},{"assertionResults":[{"ancestorTitles":["useNetworkStatus / NetworkStatusProvider — PLAN 008 T6"],"duration":4,"failureDetails":[],"failureMessages":[],"fullName":"useNetworkStatus / NetworkStatusProvider — PLAN 008 T6 Scenario 1: stato Online (isConnected=true, isInternetReachable=true) → isOffline=false","invocations":1,"location":null,"numPassingAsserts":4,"retryReasons":[],"status":"passed","title":"Scenario 1: stato Online (isConnected=true, isInternetReachable=true) → isOffline=false"},{"ancestorTitles":["useNetworkStatus / NetworkStatusProvider — PLAN 008 T6"],"duration":2,"failureDetails":[],"failureMessages":[],"fullName":"useNetworkStatus / NetworkStatusProvider — PLAN 008 T6 Scenario 2: Offline confermato (isConnected=false) → isOffline=true dopo debounce","invocations":1,"location":null,"numPassingAsserts":3,"retryReasons":[],"status":"passed","title":"Scenario 2: Offline confermato (isConnected=false) → isOffline=true dopo debounce"},{"ancestorTitles":["useNetworkStatus / NetworkStatusProvider — PLAN 008 T6"],"duration":1,"failureDetails":[],"failureMessages":[],"fullName":"useNetworkStatus / NetworkStatusProvider — PLAN 008 T6 Scenario 3: Captive portal (connected ma not reachable) → isOffline=true (INV-7)","invocations":1,"location":null,"numPassingAsserts":3,"retryReasons":[],"status":"passed","title":"Scenario 3: Captive portal (connected ma not reachable) → isOffline=true (INV-7)"},{"ancestorTitles":["useNetworkStatus / NetworkStatusProvider — PLAN 008 T6"],"duration":2,"failureDetails":[],"failureMessages":[],"fullName":"useNetworkStatus / NetworkStatusProvider — PLAN 008 T6 Scenario 4a: flapping online→offline propaga dopo 1000 ms (INV-3)","invocations":1,"location":null,"numPassingAsserts":3,"retryReasons":[],"status":"passed","title":"Scenario 4a: flapping online→offline propaga dopo 1000 ms (INV-3)"},{"ancestorTitles":["useNetworkStatus / NetworkStatusProvider — PLAN 008 T6"],"duration":2,"failureDetails":[],"failureMessages":[],"fullName":"useNetworkStatus / NetworkStatusProvider — PLAN 008 T6 Scenario 4b: flapping offline→online è immediato (INV-3)","invocations":1,"location":null,"numPassingAsserts":3,"retryReasons":[],"status":"passed","title":"Scenario 4b: flapping offline→online è immediato (INV-3)"},{"ancestorTitles":["useNetworkStatus / NetworkStatusProvider — PLAN 008 T6"],"duration":2,"failureDetails":[],"failureMessages":[],"fullName":"useNetworkStatus / NetworkStatusProvider — PLAN 008 T6 Scenario 5: Fail-Safe Online-First su timeout di init (INV-4)","invocations":1,"location":null,"numPassingAsserts":6,"retryReasons":[],"status":"passed","title":"Scenario 5: Fail-Safe Online-First su timeout di init (INV-4)"},{"ancestorTitles":["useNetworkStatus / NetworkStatusProvider — PLAN 008 T6"],"duration":2,"failureDetails":[],"failureMessages":[],"fullName":"useNetworkStatus / NetworkStatusProvider — PLAN 008 T6 Scenario 6: cleanup invoca unsubscribe e clear dei timer","invocations":1,"location":null,"numPassingAsserts":2,"retryReasons":[],"status":"passed","title":"Scenario 6: cleanup invoca unsubscribe e clear dei timer"}],"endTime":1779899881852,"message":"","name":"C:\\Sviluppo\\ZecchinoReact\\__tests__\\use-network-status.spec.ts","startTime":1779899881732,"status":"passed","summary":""},{"assertionResults":[{"ancestorTitles":["impostazioni-utente repository — PLAN 010"],"duration":3,"failureDetails":[],"failureMessages":[],"fullName":"impostazioni-utente repository — PLAN 010 scrive hash, salt e master key cifrata con una singola update","invocations":1,"location":null,"numPassingAsserts":6,"retryReasons":[],"status":"passed","title":"scrive hash, salt e master key cifrata con una singola update"},{"ancestorTitles":["impostazioni-utente repository — PLAN 010"],"duration":8,"failureDetails":[],"failureMessages":[],"fullName":"impostazioni-utente repository — PLAN 010 tratta response.error come fallimento atomico","invocations":1,"location":null,"numPassingAsserts":1,"retryReasons":[],"status":"passed","title":"tratta response.error come fallimento atomico"},{"ancestorTitles":["impostazioni-utente repository — PLAN 010"],"duration":6,"failureDetails":[],"failureMessages":[],"fullName":"impostazioni-utente repository — PLAN 010 rifiuta materiali crittografici parziali","invocations":1,"location":null,"numPassingAsserts":1,"retryReasons":[],"status":"passed","title":"rifiuta materiali crittografici parziali"}],"endTime":1779899881977,"message":"","name":"C:\\Sviluppo\\ZecchinoReact\\__tests__\\impostazioni-utente.repository.test.ts","startTime":1779899881859,"status":"passed","summary":""},{"assertionResults":[{"ancestorTitles":["Golden Vectors — crypto.ts (PLAN 005)"],"duration":3,"failureDetails":[],"failureMessages":[],"fullName":"Golden Vectors — crypto.ts (PLAN 005) G1 — encryptData(\"ciao\", \"testkey\") con IV fisso produce il Base64 atteso","invocations":1,"location":null,"numPassingAsserts":1,"retryReasons":[],"status":"passed","title":"G1 — encryptData(\"ciao\", \"testkey\") con IV fisso produce il Base64 atteso"},{"ancestorTitles":["Golden Vectors — crypto.ts (PLAN 005)"],"duration":1,"failureDetails":[],"failureMessages":[],"fullName":"Golden Vectors — crypto.ts (PLAN 005) G2 — encryptData con Unicode e IV fisso produce il Base64 atteso","invocations":1,"location":null,"numPassingAsserts":1,"retryReasons":[],"status":"passed","title":"G2 — encryptData con Unicode e IV fisso produce il Base64 atteso"},{"ancestorTitles":["Golden Vectors — crypto.ts (PLAN 005)"],"duration":1,"failureDetails":[],"failureMessages":[],"fullName":"Golden Vectors — crypto.ts (PLAN 005) G3 — decryptData del Base64 di G1 con \"testkey\" restituisce \"ciao\"","invocations":1,"location":null,"numPassingAsserts":1,"retryReasons":[],"status":"passed","title":"G3 — decryptData del Base64 di G1 con \"testkey\" restituisce \"ciao\""}],"endTime":1779899882089,"message":"","name":"C:\\Sviluppo\\ZecchinoReact\\__tests__\\crypto\\golden.test.ts","startTime":1779899881982,"status":"passed","summary":""}],"wasInterrupted":false}
