{"numFailedTestSuites":1,"numFailedTests":1,"numPassedTestSuites":0,"numPassedTests":6,"numPendingTestSuites":0,"numPendingTests":0,"numRuntimeErrorTestSuites":0,"numTodoTests":0,"numTotalTestSuites":1,"numTotalTests":7,"openHandles":[],"snapshot":{"added":0,"didUpdate":false,"failure":false,"filesAdded":0,"filesRemoved":0,"filesRemovedList":[],"filesUnmatched":0,"filesUpdated":0,"matched":0,"total":0,"unchecked":0,"uncheckedKeysByFile":[],"unmatched":0,"updated":0},"startTime":1779977575006,"success":false,"testResults":[{"assertionResults":[{"ancestorTitles":["allegati.storage"],"duration":5,"failureDetails":[],"failureMessages":[],"fullName":"allegati.storage sanitizeFilename produce un path sicuro per nomi file pericolosi","invocations":1,"location":null,"numPassingAsserts":3,"retryReasons":[],"status":"passed","title":"sanitizeFilename produce un path sicuro per nomi file pericolosi"},{"ancestorTitles":["allegati.storage"],"duration":0,"failureDetails":[],"failureMessages":[],"fullName":"allegati.storage validateAttachmentFile rifiuta MIME non in whitelist","invocations":1,"location":null,"numPassingAsserts":1,"retryReasons":[],"status":"passed","title":"validateAttachmentFile rifiuta MIME non in whitelist"},{"ancestorTitles":["allegati.storage"],"duration":0,"failureDetails":[],"failureMessages":[],"fullName":"allegati.storage validateAttachmentFile rifiuta nomi file invalidi","invocations":1,"location":null,"numPassingAsserts":1,"retryReasons":[],"status":"passed","title":"validateAttachmentFile rifiuta nomi file invalidi"},{"ancestorTitles":["allegati.storage"],"duration":1,"failureDetails":[],"failureMessages":[],"fullName":"allegati.storage validateAttachmentFile rifiuta MIME spoofing quando estensione e MIME sono incoerenti","invocations":1,"location":null,"numPassingAsserts":1,"retryReasons":[],"status":"passed","title":"validateAttachmentFile rifiuta MIME spoofing quando estensione e MIME sono incoerenti"},{"ancestorTitles":["allegati.storage"],"duration":0,"failureDetails":[],"failureMessages":[],"fullName":"allegati.storage validateAttachmentFile rifiuta file oltre MAX_ATTACHMENT_SIZE_BYTES","invocations":1,"location":null,"numPassingAsserts":1,"retryReasons":[],"status":"passed","title":"validateAttachmentFile rifiuta file oltre MAX_ATTACHMENT_SIZE_BYTES"},{"ancestorTitles":["allegati.storage"],"duration":0,"failureDetails":[{}],"failureMessages":["Error: Estensione e tipo file non sono coerenti.\n    at C:\\Sviluppo\\ZecchinoReact\\src\\lib\\supabase\\storage.ts:208:11\n    at Generator.next (<anonymous>)\n    at asyncGeneratorStep (C:\\Sviluppo\\ZecchinoReact\\node_modules\\@babel\\runtime\\helpers\\asyncToGenerator.js:3:17)\n    at _next (C:\\Sviluppo\\ZecchinoReact\\node_modules\\@babel\\runtime\\helpers\\asyncToGenerator.js:17:9)"],"fullName":"allegati.storage uploadAttachment genera path fisico nel formato {user_id}/{transazione_id}/{uuid}-{safe_filename}","invocations":1,"location":null,"numPassingAsserts":0,"retryReasons":[],"status":"failed","title":"uploadAttachment genera path fisico nel formato {user_id}/{transazione_id}/{uuid}-{safe_filename}"},{"ancestorTitles":["allegati.storage"],"duration":1,"failureDetails":[],"failureMessages":[],"fullName":"allegati.storage getAttachmentSignedUrl ritorna errore localizzato quando Supabase fallisce la signed URL","invocations":1,"location":null,"numPassingAsserts":1,"retryReasons":[],"status":"passed","title":"getAttachmentSignedUrl ritorna errore localizzato quando Supabase fallisce la signed URL"}],"endTime":1779977575544,"message":"\u001b[1m\u001b[31m  \u001b[1m● \u001b[22m\u001b[1mallegati.storage › uploadAttachment genera path fisico nel formato {user_id}/{transazione_id}/{uuid}-{safe_filename}\u001b[39m\u001b[22m\n\n    Estensione e tipo file non sono coerenti.\n\u001b[2m\u001b[22m\n\u001b[2m    \u001b[0m \u001b[90m 206 |\u001b[39m   \u001b[36mconst\u001b[39m validationError \u001b[33m=\u001b[39m \u001b[36mawait\u001b[39m validateAttachmentFile(file)\u001b[22m\n\u001b[2m     \u001b[90m 207 |\u001b[39m   \u001b[36mif\u001b[39m (validationError) {\u001b[22m\n\u001b[2m    \u001b[31m\u001b[1m>\u001b[22m\u001b[2m\u001b[39m\u001b[90m 208 |\u001b[39m     \u001b[36mthrow\u001b[39m \u001b[36mnew\u001b[39m \u001b[33mError\u001b[39m(validationError\u001b[33m.\u001b[39mmessage)\u001b[22m\n\u001b[2m     \u001b[90m     |\u001b[39m           \u001b[31m\u001b[1m^\u001b[22m\u001b[2m\u001b[39m\u001b[22m\n\u001b[2m     \u001b[90m 209 |\u001b[39m   }\u001b[22m\n\u001b[2m     \u001b[90m 210 |\u001b[39m\u001b[22m\n\u001b[2m     \u001b[90m 211 |\u001b[39m   \u001b[36mconst\u001b[39m safeFilename \u001b[33m=\u001b[39m sanitizeFilename(file\u001b[33m.\u001b[39mname)\u001b[0m\u001b[22m\n\u001b[2m\u001b[22m\n\u001b[2m      \u001b[2mat \u001b[22m\u001b[2msrc/lib/supabase/storage.ts\u001b[2m:208:11\u001b[22m\u001b[2m\u001b[22m\n\u001b[2m      \u001b[2mat asyncGeneratorStep (\u001b[22m\u001b[2mnode_modules/@babel/runtime/helpers/asyncToGenerator.js\u001b[2m:3:17)\u001b[22m\u001b[2m\u001b[22m\n\u001b[2m      \u001b[2mat _next (\u001b[22m\u001b[2mnode_modules/@babel/runtime/helpers/asyncToGenerator.js\u001b[2m:17:9)\u001b[22m\u001b[2m\u001b[22m\n","name":"C:\\Sviluppo\\ZecchinoReact\\__tests__\\allegati.storage.test.ts","startTime":1779977575153,"status":"failed","summary":""}],"wasInterrupted":false}
