{"numFailedTestSuites":0,"numFailedTests":0,"numPassedTestSuites":2,"numPassedTests":40,"numPendingTestSuites":0,"numPendingTests":0,"numRuntimeErrorTestSuites":0,"numTodoTests":12,"numTotalTestSuites":2,"numTotalTests":52,"openHandles":[],"snapshot":{"added":0,"didUpdate":false,"failure":false,"filesAdded":0,"filesRemoved":0,"filesRemovedList":[],"filesUnmatched":0,"filesUpdated":0,"matched":0,"total":0,"unchecked":0,"uncheckedKeysByFile":[],"unmatched":0,"updated":0},"startTime":1779963475305,"success":true,"testResults":[{"assertionResults":[{"ancestorTitles":["ricorrenze.repository"],"duration":3,"failureDetails":[],"failureMessages":[],"fullName":"ricorrenze.repository getAll restituisce tutte le ricorrenze dell'utente autenticato senza filtri","invocations":1,"location":null,"numPassingAsserts":4,"retryReasons":[],"status":"passed","title":"getAll restituisce tutte le ricorrenze dell'utente autenticato senza filtri"},{"ancestorTitles":["ricorrenze.repository"],"duration":2,"failureDetails":[],"failureMessages":[],"fullName":"ricorrenze.repository getAll applica i filtri attiva e contoId quando forniti","invocations":1,"location":null,"numPassingAsserts":2,"retryReasons":[],"status":"passed","title":"getAll applica i filtri attiva e contoId quando forniti"},{"ancestorTitles":["ricorrenze.repository"],"duration":1,"failureDetails":[],"failureMessages":[],"fullName":"ricorrenze.repository getById restituisce la ricorrenza richiesta quando presente","invocations":1,"location":null,"numPassingAsserts":3,"retryReasons":[],"status":"passed","title":"getById restituisce la ricorrenza richiesta quando presente"},{"ancestorTitles":["ricorrenze.repository"],"duration":6,"failureDetails":[],"failureMessages":[],"fullName":"ricorrenze.repository getById gestisce il caso not found con chiave errors.ricorrenze.notFound","invocations":1,"location":null,"numPassingAsserts":1,"retryReasons":[],"status":"passed","title":"getById gestisce il caso not found con chiave errors.ricorrenze.notFound"},{"ancestorTitles":["ricorrenze.repository"],"duration":2,"failureDetails":[],"failureMessages":[],"fullName":"ricorrenze.repository getDue usa la data locale YYYY-MM-DD e filtra in query per prossima_generazione, attiva e data_fine valida","invocations":1,"location":null,"numPassingAsserts":3,"retryReasons":[],"status":"passed","title":"getDue usa la data locale YYYY-MM-DD e filtra in query per prossima_generazione, attiva e data_fine valida"},{"ancestorTitles":["ricorrenze.repository"],"duration":0,"failureDetails":[],"failureMessages":[],"fullName":"ricorrenze.repository create inietta automaticamente user_id e salva categoriaId secondo il mapping approvato","invocations":1,"location":null,"numPassingAsserts":2,"retryReasons":[],"status":"passed","title":"create inietta automaticamente user_id e salva categoriaId secondo il mapping approvato"},{"ancestorTitles":["ricorrenze.repository"],"duration":0,"failureDetails":[],"failureMessages":[],"fullName":"ricorrenze.repository update applica modifiche parziali senza calcolare prossima_generazione","invocations":1,"location":null,"numPassingAsserts":2,"retryReasons":[],"status":"passed","title":"update applica modifiche parziali senza calcolare prossima_generazione"},{"ancestorTitles":["ricorrenze.repository"],"duration":0,"failureDetails":[],"failureMessages":[],"fullName":"ricorrenze.repository deactivate imposta attiva = false senza rimuovere fisicamente il record","invocations":1,"location":null,"numPassingAsserts":2,"retryReasons":[],"status":"passed","title":"deactivate imposta attiva = false senza rimuovere fisicamente il record"},{"ancestorTitles":["ricorrenze.repository"],"duration":1,"failureDetails":[],"failureMessages":[],"fullName":"ricorrenze.repository il repository propaga gli errori di lettura o scrittura con handling coerente","invocations":1,"location":null,"numPassingAsserts":4,"retryReasons":[],"status":"passed","title":"il repository propaga gli errori di lettura o scrittura con handling coerente"}],"endTime":1779963475828,"message":"","name":"C:\\Sviluppo\\ZecchinoReact\\__tests__\\ricorrenze.repository.test.ts","startTime":1779963475456,"status":"passed","summary":""},{"assertionResults":[{"ancestorTitles":["AppDataContext — PLAN 007","Bug N9 — readCachedDomainSnapshotPure (INV1, INV2)"],"duration":1,"failureDetails":[],"failureMessages":[],"fullName":"AppDataContext — PLAN 007 Bug N9 — readCachedDomainSnapshotPure (INV1, INV2) await su tutte e 5 le readCache (Promise.all)","invocations":1,"location":null,"numPassingAsserts":7,"retryReasons":[],"status":"passed","title":"await su tutte e 5 le readCache (Promise.all)"},{"ancestorTitles":["AppDataContext — PLAN 007","Bug N9 — readCachedDomainSnapshotPure (INV1, INV2)"],"duration":2,"failureDetails":[],"failureMessages":[],"fullName":"AppDataContext — PLAN 007 Bug N9 — readCachedDomainSnapshotPure (INV1, INV2) Caso A — cache valida con 5 array vuoti → snapshot con array vuoti (INV5 vuoto legittimo)","invocations":1,"location":null,"numPassingAsserts":8,"retryReasons":[],"status":"passed","title":"Caso A — cache valida con 5 array vuoti → snapshot con array vuoti (INV5 vuoto legittimo)"},{"ancestorTitles":["AppDataContext — PLAN 007","Bug N9 — readCachedDomainSnapshotPure (INV1, INV2)"],"duration":0,"failureDetails":[],"failureMessages":[],"fullName":"AppDataContext — PLAN 007 Bug N9 — readCachedDomainSnapshotPure (INV1, INV2) Caso B — cache miss su una sola tabella → null (no falso positivo)","invocations":1,"location":null,"numPassingAsserts":1,"retryReasons":[],"status":"passed","title":"Caso B — cache miss su una sola tabella → null (no falso positivo)"},{"ancestorTitles":["AppDataContext — PLAN 007","Bug N9 — readCachedDomainSnapshotPure (INV1, INV2)"],"duration":1,"failureDetails":[],"failureMessages":[],"fullName":"AppDataContext — PLAN 007 Bug N9 — readCachedDomainSnapshotPure (INV1, INV2) Bug N9 originale — payload Promise non risolta → null (guard struttura)","invocations":1,"location":null,"numPassingAsserts":1,"retryReasons":[],"status":"passed","title":"Bug N9 originale — payload Promise non risolta → null (guard struttura)"},{"ancestorTitles":["AppDataContext — PLAN 007","Bug N9 — readCachedDomainSnapshotPure (INV1, INV2)"],"duration":0,"failureDetails":[],"failureMessages":[],"fullName":"AppDataContext — PLAN 007 Bug N9 — readCachedDomainSnapshotPure (INV1, INV2) payload non-array (es. oggetto) → null","invocations":1,"location":null,"numPassingAsserts":1,"retryReasons":[],"status":"passed","title":"payload non-array (es. oggetto) → null"},{"ancestorTitles":["AppDataContext — PLAN 007","Bug N9 — readCachedDomainSnapshotPure (INV1, INV2)"],"duration":1,"failureDetails":[],"failureMessages":[],"fullName":"AppDataContext — PLAN 007 Bug N9 — readCachedDomainSnapshotPure (INV1, INV2) isStale propagato se ALMENO una tabella è scaduta","invocations":1,"location":null,"numPassingAsserts":1,"retryReasons":[],"status":"passed","title":"isStale propagato se ALMENO una tabella è scaduta"},{"ancestorTitles":["AppDataContext — PLAN 007","Bug N9 — readCachedDomainSnapshotPure (INV1, INV2)"],"duration":0,"failureDetails":[],"failureMessages":[],"fullName":"AppDataContext — PLAN 007 Bug N9 — readCachedDomainSnapshotPure (INV1, INV2) isStale false se TUTTE le tabelle sono fresche","invocations":1,"location":null,"numPassingAsserts":1,"retryReasons":[],"status":"passed","title":"isStale false se TUTTE le tabelle sono fresche"},{"ancestorTitles":["AppDataContext — PLAN 007","State machine bootstrap (richiede harness Provider)"],"duration":10,"failureDetails":[],"failureMessages":[],"fullName":"AppDataContext — PLAN 007 State machine bootstrap (richiede harness Provider) IDLE → HYDRATING al primo render con utente autenticato","invocations":1,"location":null,"numPassingAsserts":2,"retryReasons":[],"status":"passed","title":"IDLE → HYDRATING al primo render con utente autenticato"},{"ancestorTitles":["AppDataContext — PLAN 007","State machine bootstrap (richiede harness Provider)"],"duration":null,"failureDetails":[],"failureMessages":[],"fullName":"AppDataContext — PLAN 007 State machine bootstrap (richiede harness Provider) HYDRATING → CACHE-READY con cache presente e validata","invocations":1,"location":null,"numPassingAsserts":0,"retryReasons":[],"status":"todo","title":"HYDRATING → CACHE-READY con cache presente e validata"},{"ancestorTitles":["AppDataContext — PLAN 007","State machine bootstrap (richiede harness Provider)"],"duration":2,"failureDetails":[],"failureMessages":[],"fullName":"AppDataContext — PLAN 007 State machine bootstrap (richiede harness Provider) HYDRATING → READY con rete OK e dati caricati","invocations":1,"location":null,"numPassingAsserts":3,"retryReasons":[],"status":"passed","title":"HYDRATING → READY con rete OK e dati caricati"},{"ancestorTitles":["AppDataContext — PLAN 007","State machine bootstrap (richiede harness Provider)"],"duration":3,"failureDetails":[],"failureMessages":[],"fullName":"AppDataContext — PLAN 007 State machine bootstrap (richiede harness Provider) HYDRATING → READY include il fetch remoto delle ricorrenze","invocations":1,"location":null,"numPassingAsserts":4,"retryReasons":[],"status":"passed","title":"HYDRATING → READY include il fetch remoto delle ricorrenze"},{"ancestorTitles":["AppDataContext — PLAN 007","State machine bootstrap (richiede harness Provider)"],"duration":32,"failureDetails":[],"failureMessages":[],"fullName":"AppDataContext — PLAN 007 State machine bootstrap (richiede harness Provider) HYDRATING → ERROR con rete offline confermata e senza timer bootstrap","invocations":1,"location":null,"numPassingAsserts":4,"retryReasons":[],"status":"passed","title":"HYDRATING → ERROR con rete offline confermata e senza timer bootstrap"},{"ancestorTitles":["AppDataContext — PLAN 007","State machine bootstrap (richiede harness Provider)"],"duration":null,"failureDetails":[],"failureMessages":[],"fullName":"AppDataContext — PLAN 007 State machine bootstrap (richiede harness Provider) CACHE-READY → REMOTE-SYNC al completamento refresh background","invocations":1,"location":null,"numPassingAsserts":0,"retryReasons":[],"status":"todo","title":"CACHE-READY → REMOTE-SYNC al completamento refresh background"},{"ancestorTitles":["AppDataContext — PLAN 007","State machine bootstrap (richiede harness Provider)"],"duration":null,"failureDetails":[],"failureMessages":[],"fullName":"AppDataContext — PLAN 007 State machine bootstrap (richiede harness Provider) REMOTE-SYNC → READY come stato di quiete","invocations":1,"location":null,"numPassingAsserts":0,"retryReasons":[],"status":"todo","title":"REMOTE-SYNC → READY come stato di quiete"},{"ancestorTitles":["AppDataContext — PLAN 007","State machine bootstrap (richiede harness Provider)"],"duration":null,"failureDetails":[],"failureMessages":[],"fullName":"AppDataContext — PLAN 007 State machine bootstrap (richiede harness Provider) IDLE → READY diretto vietato (deve attraversare HYDRATING)","invocations":1,"location":null,"numPassingAsserts":0,"retryReasons":[],"status":"todo","title":"IDLE → READY diretto vietato (deve attraversare HYDRATING)"},{"ancestorTitles":["AppDataContext — PLAN 007","State machine bootstrap (richiede harness Provider)"],"duration":2,"failureDetails":[],"failureMessages":[],"fullName":"AppDataContext — PLAN 007 State machine bootstrap (richiede harness Provider) * → IDLE al logout da qualsiasi stato autenticato","invocations":1,"location":null,"numPassingAsserts":9,"retryReasons":[],"status":"passed","title":"* → IDLE al logout da qualsiasi stato autenticato"},{"ancestorTitles":["AppDataContext — PLAN 007","PLAN 011 — bootstrap resiliente"],"duration":3,"failureDetails":[],"failureMessages":[],"fullName":"AppDataContext — PLAN 007 PLAN 011 — bootstrap resiliente Caso 2: online confermato usa timeout nominato di 10 secondi","invocations":1,"location":null,"numPassingAsserts":3,"retryReasons":[],"status":"passed","title":"Caso 2: online confermato usa timeout nominato di 10 secondi"},{"ancestorTitles":["AppDataContext — PLAN 007","PLAN 011 — bootstrap resiliente"],"duration":1,"failureDetails":[],"failureMessages":[],"fullName":"AppDataContext — PLAN 007 PLAN 011 — bootstrap resiliente Caso 3: NetInfo non inizializzato attiva il fail-safe dopo 3 secondi","invocations":1,"location":null,"numPassingAsserts":3,"retryReasons":[],"status":"passed","title":"Caso 3: NetInfo non inizializzato attiva il fail-safe dopo 3 secondi"},{"ancestorTitles":["AppDataContext — PLAN 007","PLAN 011 — bootstrap resiliente"],"duration":2,"failureDetails":[],"failureMessages":[],"fullName":"AppDataContext — PLAN 007 PLAN 011 — bootstrap resiliente Decisione 7-bis: risposta tardiva di NetInfo non avvia una seconda hydration","invocations":1,"location":null,"numPassingAsserts":3,"retryReasons":[],"status":"passed","title":"Decisione 7-bis: risposta tardiva di NetInfo non avvia una seconda hydration"},{"ancestorTitles":["AppDataContext — PLAN 007","PLAN 011 — bootstrap resiliente"],"duration":2,"failureDetails":[],"failureMessages":[],"fullName":"AppDataContext — PLAN 007 PLAN 011 — bootstrap resiliente ERROR_NETWORK ed ERROR_DATA restano interni e la UI riceve solo messaggi localizzati","invocations":1,"location":null,"numPassingAsserts":4,"retryReasons":[],"status":"passed","title":"ERROR_NETWORK ed ERROR_DATA restano interni e la UI riceve solo messaggi localizzati"},{"ancestorTitles":["AppDataContext — PLAN 007","PLAN 011 — bootstrap resiliente"],"duration":1,"failureDetails":[],"failureMessages":[],"fullName":"AppDataContext — PLAN 007 PLAN 011 — bootstrap resiliente senza autenticazione i dati non vengono caricati anche con rete disponibile","invocations":1,"location":null,"numPassingAsserts":2,"retryReasons":[],"status":"passed","title":"senza autenticazione i dati non vengono caricati anche con rete disponibile"},{"ancestorTitles":["AppDataContext — PLAN 007","Concorrenza refreshAll — INV3 (richiede harness Provider)"],"duration":null,"failureDetails":[],"failureMessages":[],"fullName":"AppDataContext — PLAN 007 Concorrenza refreshAll — INV3 (richiede harness Provider) invocazioni concorrenti refreshAll: nessuna doppia applyDomainSnapshot","invocations":1,"location":null,"numPassingAsserts":0,"retryReasons":[],"status":"todo","title":"invocazioni concorrenti refreshAll: nessuna doppia applyDomainSnapshot"},{"ancestorTitles":["AppDataContext — PLAN 007","Concorrenza refreshAll — INV3 (richiede harness Provider)"],"duration":null,"failureDetails":[],"failureMessages":[],"fullName":"AppDataContext — PLAN 007 Concorrenza refreshAll — INV3 (richiede harness Provider) hydration A pre-B ma termina dopo: B vince (generation counter)","invocations":1,"location":null,"numPassingAsserts":0,"retryReasons":[],"status":"todo","title":"hydration A pre-B ma termina dopo: B vince (generation counter)"},{"ancestorTitles":["AppDataContext — PLAN 007","Concorrenza refreshAll — INV3 (richiede harness Provider)"],"duration":null,"failureDetails":[],"failureMessages":[],"fullName":"AppDataContext — PLAN 007 Concorrenza refreshAll — INV3 (richiede harness Provider) React 18 Strict Mode double invoke: nessuna doppia transizione READY","invocations":1,"location":null,"numPassingAsserts":0,"retryReasons":[],"status":"todo","title":"React 18 Strict Mode double invoke: nessuna doppia transizione READY"},{"ancestorTitles":["AppDataContext — PLAN 007","Concorrenza refreshAll — INV3 (richiede harness Provider)"],"duration":null,"failureDetails":[],"failureMessages":[],"fullName":"AppDataContext — PLAN 007 Concorrenza refreshAll — INV3 (richiede harness Provider) hydration invalidata al logout (transizione * → IDLE)","invocations":1,"location":null,"numPassingAsserts":0,"retryReasons":[],"status":"todo","title":"hydration invalidata al logout (transizione * → IDLE)"},{"ancestorTitles":["AppDataContext — PLAN 007","writeCache fail-soft — INV4 (richiede harness Provider)"],"duration":null,"failureDetails":[],"failureMessages":[],"fullName":"AppDataContext — PLAN 007 writeCache fail-soft — INV4 (richiede harness Provider) errore AsyncStorage.setItem su una tabella: no crash","invocations":1,"location":null,"numPassingAsserts":0,"retryReasons":[],"status":"todo","title":"errore AsyncStorage.setItem su una tabella: no crash"},{"ancestorTitles":["AppDataContext — PLAN 007","writeCache fail-soft — INV4 (richiede harness Provider)"],"duration":null,"failureDetails":[],"failureMessages":[],"fullName":"AppDataContext — PLAN 007 writeCache fail-soft — INV4 (richiede harness Provider) errore writeCache: no unhandled promise rejection","invocations":1,"location":null,"numPassingAsserts":0,"retryReasons":[],"status":"todo","title":"errore writeCache: no unhandled promise rejection"},{"ancestorTitles":["AppDataContext — PLAN 007","writeCache fail-soft — INV4 (richiede harness Provider)"],"duration":null,"failureDetails":[],"failureMessages":[],"fullName":"AppDataContext — PLAN 007 writeCache fail-soft — INV4 (richiede harness Provider) errore writeCache: no alterazione stato React in memoria","invocations":1,"location":null,"numPassingAsserts":0,"retryReasons":[],"status":"todo","title":"errore writeCache: no alterazione stato React in memoria"},{"ancestorTitles":["AppDataContext — PLAN 007","writeCache fail-soft — INV4 (richiede harness Provider)"],"duration":null,"failureDetails":[],"failureMessages":[],"fullName":"AppDataContext — PLAN 007 writeCache fail-soft — INV4 (richiede harness Provider) errore su una tabella: altre tabelle vengono comunque scritte","invocations":1,"location":null,"numPassingAsserts":0,"retryReasons":[],"status":"todo","title":"errore su una tabella: altre tabelle vengono comunque scritte"},{"ancestorTitles":["AppDataContext — PLAN 007","writeCache fail-soft — INV4 (richiede harness Provider)"],"duration":1,"failureDetails":[],"failureMessages":[],"fullName":"AppDataContext — PLAN 007 writeCache fail-soft — INV4 (richiede harness Provider) writeCache include il nuovo slice ricorrenze quando il bootstrap e READY","invocations":1,"location":null,"numPassingAsserts":1,"retryReasons":[],"status":"passed","title":"writeCache include il nuovo slice ricorrenze quando il bootstrap e READY"},{"ancestorTitles":["AppDataContext — PLAN 007","PLAN 009 — handleExportCSV async branching"],"duration":1,"failureDetails":[],"failureMessages":[],"fullName":"AppDataContext — PLAN 007 PLAN 009 — handleExportCSV async branching handleExportCSV ritorna Promise<void>","invocations":1,"location":null,"numPassingAsserts":2,"retryReasons":[],"status":"passed","title":"handleExportCSV ritorna Promise<void>"},{"ancestorTitles":["AppDataContext — PLAN 007","PLAN 009 — handleExportCSV async branching"],"duration":2,"failureDetails":[],"failureMessages":[],"fullName":"AppDataContext — PLAN 007 PLAN 009 — handleExportCSV async branching success branch: sound, haptic, toast success e exportFile invocati","invocations":1,"location":null,"numPassingAsserts":5,"retryReasons":[],"status":"passed","title":"success branch: sound, haptic, toast success e exportFile invocati"},{"ancestorTitles":["AppDataContext — PLAN 007","PLAN 009 — handleExportCSV async branching"],"duration":0,"failureDetails":[],"failureMessages":[],"fullName":"AppDataContext — PLAN 007 PLAN 009 — handleExportCSV async branching cancelled branch: nessun toast di errore e nessun announce errore","invocations":1,"location":null,"numPassingAsserts":2,"retryReasons":[],"status":"passed","title":"cancelled branch: nessun toast di errore e nessun announce errore"},{"ancestorTitles":["AppDataContext — PLAN 007","PLAN 009 — handleExportCSV async branching"],"duration":1,"failureDetails":[],"failureMessages":[],"fullName":"AppDataContext — PLAN 007 PLAN 009 — handleExportCSV async branching PERMISSION_DENIED -> toast error e announce exportError","invocations":1,"location":null,"numPassingAsserts":2,"retryReasons":[],"status":"passed","title":"PERMISSION_DENIED -> toast error e announce exportError"},{"ancestorTitles":["AppDataContext — PLAN 007","PLAN 009 — handleExportCSV async branching"],"duration":0,"failureDetails":[],"failureMessages":[],"fullName":"AppDataContext — PLAN 007 PLAN 009 — handleExportCSV async branching ALREADY_IN_PROGRESS -> toast error localizzato e announce exportError","invocations":1,"location":null,"numPassingAsserts":2,"retryReasons":[],"status":"passed","title":"ALREADY_IN_PROGRESS -> toast error localizzato e announce exportError"},{"ancestorTitles":["AppDataContext — PLAN 007","PLAN 009 — handleExportCSV async branching"],"duration":0,"failureDetails":[],"failureMessages":[],"fullName":"AppDataContext — PLAN 007 PLAN 009 — handleExportCSV async branching FILESYSTEM_ERROR -> toast error e announce exportError","invocations":1,"location":null,"numPassingAsserts":2,"retryReasons":[],"status":"passed","title":"FILESYSTEM_ERROR -> toast error e announce exportError"},{"ancestorTitles":["AppDataContext — PLAN 007","PLAN 009 — handleExportCSV async branching"],"duration":1,"failureDetails":[],"failureMessages":[],"fullName":"AppDataContext — PLAN 007 PLAN 009 — handleExportCSV async branching UNSUPPORTED_PLATFORM -> toast error e announce exportError","invocations":1,"location":null,"numPassingAsserts":2,"retryReasons":[],"status":"passed","title":"UNSUPPORTED_PLATFORM -> toast error e announce exportError"},{"ancestorTitles":["AppDataContext — PLAN 007","PLAN 009 — handleExportCSV async branching"],"duration":1,"failureDetails":[],"failureMessages":[],"fullName":"AppDataContext — PLAN 007 PLAN 009 — handleExportCSV async branching INVALID_PATH -> toast error e announce exportError","invocations":1,"location":null,"numPassingAsserts":2,"retryReasons":[],"status":"passed","title":"INVALID_PATH -> toast error e announce exportError"},{"ancestorTitles":["AppDataContext — PLAN 007","PLAN 009 — handleExportCSV async branching"],"duration":1,"failureDetails":[],"failureMessages":[],"fullName":"AppDataContext — PLAN 007 PLAN 009 — handleExportCSV async branching INSUFFICIENT_SPACE -> toast error e announce exportError","invocations":1,"location":null,"numPassingAsserts":2,"retryReasons":[],"status":"passed","title":"INSUFFICIENT_SPACE -> toast error e announce exportError"},{"ancestorTitles":["AppDataContext — PLAN 007","PLAN 009 — handleExportCSV async branching"],"duration":1,"failureDetails":[],"failureMessages":[],"fullName":"AppDataContext — PLAN 007 PLAN 009 — handleExportCSV async branching UNKNOWN -> toast error e announce exportError generico","invocations":1,"location":null,"numPassingAsserts":2,"retryReasons":[],"status":"passed","title":"UNKNOWN -> toast error e announce exportError generico"},{"ancestorTitles":["AppDataContext — PLAN 007","PLAN 009 — handleExportCSV async branching"],"duration":1,"failureDetails":[],"failureMessages":[],"fullName":"AppDataContext — PLAN 007 PLAN 009 — handleExportCSV async branching success branch: announceExportFile riceve visibleTransactions.length","invocations":1,"location":null,"numPassingAsserts":2,"retryReasons":[],"status":"passed","title":"success branch: announceExportFile riceve visibleTransactions.length"},{"ancestorTitles":["AppDataContext — PLAN 007","PLAN 009 — handleExportCSV async branching"],"duration":1,"failureDetails":[],"failureMessages":[],"fullName":"AppDataContext — PLAN 007 PLAN 009 — handleExportCSV async branching error branches: exportError viene invocato per tutti i 7 reason di errore","invocations":1,"location":null,"numPassingAsserts":1,"retryReasons":[],"status":"passed","title":"error branches: exportError viene invocato per tutti i 7 reason di errore"},{"ancestorTitles":["AppDataContext — PLAN 007","PLAN 009 — handleExportCSV async branching"],"duration":1,"failureDetails":[],"failureMessages":[],"fullName":"AppDataContext — PLAN 007 PLAN 009 — handleExportCSV async branching assenza chiamate dirette screenReader: announceSuccess e announceError non vengono invocati","invocations":1,"location":null,"numPassingAsserts":2,"retryReasons":[],"status":"passed","title":"assenza chiamate dirette screenReader: announceSuccess e announceError non vengono invocati"}],"endTime":1779963476034,"message":"","name":"C:\\Sviluppo\\ZecchinoReact\\__tests__\\AppDataContext.spec.ts","startTime":1779963475833,"status":"passed","summary":""}],"wasInterrupted":false}
